INFO  10:12:07 Application started. Press Ctrl+C to shut down.
INFO  10:12:07 Hosting environment: Development
INFO  10:12:07 Content root path: C:\Portfolio Management\DailySharePrice - Copy - With Layers
INFO  10:12:17 Fetching Stock details from DB based on users's portfolio Id
INFO  10:26:25 Application started. Press Ctrl+C to shut down.
INFO  10:26:25 Hosting environment: Development
INFO  10:26:25 Content root path: C:\Portfolio Management\DailySharePrice - Copy - With Layers
INFO  10:41:20 GetAllStocks() called
INFO  11:06:27 Application started. Press Ctrl+C to shut down.
INFO  11:06:27 Hosting environment: Development
INFO  11:06:27 Content root path: C:\Portfolio Management\DailySharePrice - Copy - With Layers
INFO  11:06:39 GetAllStocks() called
INFO  03:53:12 GetAllStocks() called
INFO  04:02:38 GetAllStocks() called
INFO  04:06:18 GetAllStocks() called
INFO  04:21:20 Application started. Press Ctrl+C to shut down.
INFO  04:21:20 Hosting environment: Development
INFO  04:21:20 Content root path: C:\Portfolio Management\DailySharePrice - Copy - With Layers
INFO  04:21:27 GetAllStocks() called
INFO  04:24:48 GetAllStocks() called
INFO  04:25:17 Application started. Press Ctrl+C to shut down.
INFO  04:25:17 Hosting environment: Development
INFO  04:25:17 Content root path: C:\Portfolio Management\DailySharePrice - Copy - With Layers
INFO  04:25:46 GetAllStocks() called
INFO  04:27:46 GetAllStocks() called
INFO  04:28:01 GetAllStocks() called
INFO  04:28:39 GetAllStocks() called
INFO  04:28:53 GetAllStocks() called
INFO  04:29:38 GetAllStocks() called
INFO  04:29:45 GetAllStocks() called
INFO  04:29:50 GetAllStocks() called
INFO  04:29:52 GetAllStocks() called
INFO  04:29:54 GetAllStocks() called
INFO  04:29:55 GetAllStocks() called
INFO  04:30:04 GetAllStocks() called
INFO  04:30:15 GetAllStocks() called
INFO  04:30:19 GetAllStocks() called
INFO  04:30:20 GetAllStocks() called
INFO  04:30:22 GetAllStocks() called
INFO  04:30:24 GetAllStocks() called
INFO  04:30:26 GetAllStocks() called
INFO  04:30:30 GetAllStocks() called
INFO  04:30:34 GetAllStocks() called
INFO  04:30:42 GetAllStocks() called
INFO  04:30:45 GetAllStocks() called
INFO  04:30:50 GetAllStocks() called
INFO  04:30:53 GetAllStocks() called
INFO  04:30:58 GetAllStocks() called
INFO  04:31:01 GetAllStocks() called
INFO  04:31:05 GetAllStocks() called
INFO  04:31:17 GetAllStocks() called
INFO  04:31:27 GetAllStocks() called
INFO  04:31:29 GetAllStocks() called
INFO  04:31:37 GetAllStocks() called
INFO  04:31:55 GetAllStocks() called
INFO  04:31:56 GetAllStocks() called
INFO  04:32:05 GetAllStocks() called
INFO  04:32:59 GetAllStocks() called
INFO  04:33:00 GetAllStocks() called
INFO  04:33:46 GetAllStocks() called
INFO  04:34:52 GetAllStocks() called
INFO  04:34:52 GetAllStocks() called
INFO  04:34:56 GetAllStocks() called
INFO  04:34:56 GetAllStocks() called
INFO  04:35:04 GetAllStocks() called
INFO  04:35:38 GetAllStocks() called
INFO  04:35:38 GetAllStocks() called
INFO  05:00:36 GetAllStocks() called
INFO  05:01:15 GetAllStocks() called
INFO  05:58:15 GetAllStocks() called
INFO  05:58:15 GetAllStocks() called
INFO  05:58:42 GetAllStocks() called
INFO  05:58:42 GetAllStocks() called
INFO  05:59:14 GetAllStocks() called
INFO  05:59:14 GetAllStocks() called
INFO  05:59:18 GetAllStocks() called
INFO  05:59:18 GetAllStocks() called
INFO  05:59:20 GetAllStocks() called
INFO  05:59:20 GetAllStocks() called
INFO  05:59:41 GetAllStocks() called
INFO  05:59:51 GetAllStocks() called
INFO  05:59:51 GetAllStocks() called
INFO  05:59:52 GetAllStocks() called
INFO  05:59:52 GetAllStocks() called
INFO  05:59:54 GetAllStocks() called
INFO  05:59:54 GetAllStocks() called
INFO  06:00:06 GetAllStocks() called
INFO  06:00:06 GetAllStocks() called
INFO  06:00:10 GetAllStocks() called
INFO  06:00:10 GetAllStocks() called
INFO  06:00:14 GetAllStocks() called
INFO  06:00:14 GetAllStocks() called
INFO  06:00:24 GetAllStocks() called
INFO  06:00:24 GetAllStocks() called
INFO  06:00:40 GetAllStocks() called
INFO  06:00:40 GetAllStocks() called
INFO  06:00:49 GetAllStocks() called
INFO  06:00:49 GetAllStocks() called
INFO  06:00:52 GetAllStocks() called
INFO  06:00:52 GetAllStocks() called
INFO  06:01:12 GetAllStocks() called
INFO  06:01:13 GetAllStocks() called
INFO  06:01:18 GetAllStocks() called
INFO  06:01:18 GetAllStocks() called
INFO  06:01:24 GetAllStocks() called
INFO  06:02:33 Application started. Press Ctrl+C to shut down.
INFO  06:02:33 Hosting environment: Development
INFO  06:02:33 Content root path: C:\Portfolio Management\DailySharePrice - Copy - With Layers
INFO  06:03:26 GetAllStocks() called
INFO  06:04:17 GetAllStocks() called
INFO  06:17:48 GetAllStocks() called
INFO  06:18:06 GetAllStocks() called
INFO  06:18:07 GetAllStocks() called
INFO  06:18:08 GetAllStocks() called
INFO  06:18:48 GetAllStocks() called
INFO  06:19:27 GetAllStocks() called
INFO  06:20:13 GetAllStocks() called
INFO  06:20:13 GetAllStocks() called
INFO  06:20:17 GetAllStocks() called
INFO  06:20:17 GetAllStocks() called
INFO  06:20:20 GetAllStocks() called
INFO  06:20:20 GetAllStocks() called
INFO  06:20:26 GetAllStocks() called
INFO  06:20:26 GetAllStocks() called
INFO  06:20:32 GetAllStocks() called
INFO  06:20:32 GetAllStocks() called
INFO  06:22:30 GetAllStocks() called
INFO  06:22:30 GetAllStocks() called
INFO  06:28:28 GetAllStocks() called
INFO  06:28:29 GetAllStocks() called
INFO  06:28:30 GetAllStocks() called
INFO  06:28:31 GetAllStocks() called
INFO  06:28:40 GetAllStocks() called
INFO  06:28:40 GetAllStocks() called
INFO  06:28:42 GetAllStocks() called
INFO  06:28:42 GetAllStocks() called
INFO  06:28:50 GetAllStocks() called
INFO  06:28:51 GetAllStocks() called
INFO  06:29:14 GetAllStocks() called
INFO  06:29:14 GetAllStocks() called
INFO  06:29:21 GetAllStocks() called
INFO  06:29:21 GetAllStocks() called
INFO  06:29:23 GetAllStocks() called
INFO  06:29:23 GetAllStocks() called
INFO  06:29:26 GetAllStocks() called
INFO  06:29:33 GetAllStocks() called
INFO  06:29:33 GetAllStocks() called
INFO  06:29:48 GetAllStocks() called
INFO  06:29:48 GetAllStocks() called
INFO  06:29:53 GetAllStocks() called
INFO  06:29:53 GetAllStocks() called
INFO  06:30:03 GetAllStocks() called
INFO  06:30:03 GetAllStocks() called
INFO  06:30:05 GetAllStocks() called
INFO  06:30:05 GetAllStocks() called
INFO  06:30:09 GetAllStocks() called
INFO  06:30:09 GetAllStocks() called
INFO  06:30:12 GetAllStocks() called
INFO  06:30:12 GetAllStocks() called
INFO  06:45:15 GetAllStocks() called
INFO  06:45:16 GetAllStocks() called
INFO  06:45:21 GetAllStocks() called
INFO  06:45:21 GetAllStocks() called
INFO  06:45:23 GetAllStocks() called
INFO  06:45:23 GetAllStocks() called
INFO  06:45:25 GetAllStocks() called
INFO  06:45:25 GetAllStocks() called
INFO  06:45:43 GetAllStocks() called
INFO  06:45:43 GetAllStocks() called
INFO  06:45:50 GetAllStocks() called
INFO  06:45:50 GetAllStocks() called
INFO  06:49:37 GetAllStocks() called
INFO  06:50:53 GetAllStocks() called
INFO  06:52:25 GetAllStocks() called
INFO  06:52:26 GetAllStocks() called
INFO  06:52:27 GetAllStocks() called
INFO  06:52:30 GetAllStocks() called
INFO  06:53:09 GetAllStocks() called
INFO  06:53:13 GetAllStocks() called
INFO  06:59:32 GetAllStocks() called
INFO  07:07:05 GetAllStocks() called
INFO  07:11:04 GetAllStocks() called
INFO  07:13:44 GetAllStocks() called
INFO  07:14:06 GetAllStocks() called
INFO  07:14:19 GetAllStocks() called
INFO  07:14:23 GetAllStocks() called
INFO  07:15:09 GetAllStocks() called
INFO  07:15:31 GetAllStocks() called
INFO  07:22:18 GetAllStocks() called
INFO  07:22:23 GetAllStocks() called
INFO  08:37:59 GetAllStocks() called
INFO  08:38:39 GetAllStocks() called
INFO  08:38:40 GetAllStocks() called
INFO  08:45:47 GetAllStocks() called
INFO  08:45:47 GetAllStocks() called
INFO  08:46:43 GetAllStocks() called
INFO  09:23:51 GetAllStocks() called
INFO  09:30:58 GetAllStocks() called
INFO  09:31:15 Fetching Stock details from DB based on users's portfolio Id
INFO  03:01:13 GetAllStocks() called
INFO  03:03:34 GetAllStocks() called
INFO  03:03:37 GetAllStocks() called
INFO  03:03:44 GetAllStocks() called
INFO  03:03:48 GetAllStocks() called
INFO  03:03:57 GetAllStocks() called
INFO  03:04:04 GetAllStocks() called
INFO  03:04:09 GetAllStocks() called
INFO  03:04:14 GetAllStocks() called
INFO  03:04:18 GetAllStocks() called
INFO  03:04:20 GetAllStocks() called
INFO  03:04:25 GetAllStocks() called
INFO  03:04:28 GetAllStocks() called
INFO  03:04:47 GetAllStocks() called
INFO  03:04:48 GetAllStocks() called
INFO  03:04:52 GetAllStocks() called
INFO  03:05:02 GetAllStocks() called
INFO  03:05:08 GetAllStocks() called
INFO  03:05:16 GetAllStocks() called
INFO  03:05:23 GetAllStocks() called
INFO  03:05:29 GetAllStocks() called
INFO  03:05:52 GetAllStocks() called
INFO  03:05:55 GetAllStocks() called
INFO  03:05:57 GetAllStocks() called
INFO  03:06:07 GetAllStocks() called
INFO  03:06:12 GetAllStocks() called
INFO  03:06:16 GetAllStocks() called
INFO  03:06:19 GetAllStocks() called
INFO  03:06:20 GetAllStocks() called
INFO  03:06:21 GetAllStocks() called
INFO  03:06:25 GetAllStocks() called
INFO  03:06:29 GetAllStocks() called
INFO  03:06:31 GetAllStocks() called
INFO  03:06:32 GetAllStocks() called
INFO  03:06:38 GetAllStocks() called
INFO  03:06:41 GetAllStocks() called
INFO  03:06:47 GetAllStocks() called
INFO  03:06:52 GetAllStocks() called
INFO  03:06:53 GetAllStocks() called
INFO  03:07:11 GetAllStocks() called
INFO  03:07:15 GetAllStocks() called
INFO  03:07:19 GetAllStocks() called
INFO  03:07:24 GetAllStocks() called
INFO  03:08:08 GetAllStocks() called
INFO  03:08:11 GetAllStocks() called
INFO  03:08:12 GetAllStocks() called
INFO  03:08:15 GetAllStocks() called
INFO  03:08:17 GetAllStocks() called
INFO  03:08:21 GetAllStocks() called
INFO  03:08:22 GetAllStocks() called
INFO  03:08:23 GetAllStocks() called
INFO  03:58:14 GetAllStocks() called
INFO  03:58:16 GetAllStocks() called
INFO  03:58:21 GetAllStocks() called
INFO  04:04:18 GetAllStocks() called
INFO  04:04:19 GetAllStocks() called
INFO  04:04:50 GetAllStocks() called
INFO  04:05:56 GetAllStocks() called
INFO  04:06:00 GetAllStocks() called
INFO  04:06:07 GetAllStocks() called
INFO  04:06:11 GetAllStocks() called
INFO  04:13:19 GetAllStocks() called
INFO  04:13:36 GetAllStocks() called
INFO  04:13:45 GetAllStocks() called
INFO  04:14:03 GetAllStocks() called
INFO  04:14:22 GetAllStocks() called
INFO  04:14:34 GetAllStocks() called
INFO  04:28:49 GetAllStocks() called
INFO  04:29:07 GetAllStocks() called
INFO  04:29:09 GetAllStocks() called
INFO  04:29:24 GetAllStocks() called
INFO  04:29:56 GetAllStocks() called
INFO  04:30:16 GetAllStocks() called
INFO  04:30:56 GetAllStocks() called
INFO  04:40:44 GetAllStocks() called
INFO  04:41:14 GetAllStocks() called
INFO  04:41:15 GetAllStocks() called
INFO  04:41:46 GetAllStocks() called
INFO  04:41:55 GetAllStocks() called
INFO  04:41:59 GetAllStocks() called
INFO  04:42:14 GetAllStocks() called
INFO  04:42:20 GetAllStocks() called
INFO  04:42:24 GetAllStocks() called
INFO  04:42:32 GetAllStocks() called
INFO  04:43:14 GetAllStocks() called
INFO  04:43:31 GetAllStocks() called
INFO  04:44:04 GetAllStocks() called
INFO  04:44:12 GetAllStocks() called
INFO  04:44:16 GetAllStocks() called
INFO  04:44:32 GetAllStocks() called
INFO  04:44:37 GetAllStocks() called
INFO  04:44:44 GetAllStocks() called
INFO  04:44:50 GetAllStocks() called
INFO  04:45:45 GetAllStocks() called
INFO  04:45:46 GetAllStocks() called
INFO  04:45:46 GetAllStocks() called
INFO  04:47:32 GetAllStocks() called
INFO  04:47:33 GetAllStocks() called
INFO  04:53:24 GetAllStocks() called
INFO  04:54:34 GetAllStocks() called
INFO  04:54:45 GetAllStocks() called
INFO  04:58:00 GetAllStocks() called
INFO  04:58:29 GetAllStocks() called
INFO  04:58:35 GetAllStocks() called
INFO  04:58:42 GetAllStocks() called
INFO  04:58:54 GetAllStocks() called
INFO  04:59:16 GetAllStocks() called
INFO  04:59:25 GetAllStocks() called
INFO  08:03:45 GetAllStocks() called
INFO  08:03:52 GetAllStocks() called
INFO  08:04:44 GetAllStocks() called
INFO  08:04:54 GetAllStocks() called
INFO  08:04:58 GetAllStocks() called
INFO  08:07:10 GetAllStocks() called
INFO  08:07:16 GetAllStocks() called
INFO  08:07:33 GetAllStocks() called
INFO  08:20:49 GetAllStocks() called
INFO  08:21:10 GetAllStocks() called
INFO  08:21:17 GetAllStocks() called
INFO  08:23:31 GetAllStocks() called
INFO  08:23:31 GetAllStocks() called
INFO  08:24:20 GetAllStocks() called
INFO  08:24:20 GetAllStocks() called
INFO  08:24:23 GetAllStocks() called
INFO  08:24:24 GetAllStocks() called
INFO  08:24:26 GetAllStocks() called
INFO  08:26:02 GetAllStocks() called
INFO  08:26:02 GetAllStocks() called
INFO  08:26:04 GetAllStocks() called
INFO  08:26:05 GetAllStocks() called
INFO  08:26:25 GetAllStocks() called
INFO  08:26:25 GetAllStocks() called
INFO  08:27:04 GetAllStocks() called
INFO  08:27:04 GetAllStocks() called
INFO  08:27:39 GetAllStocks() called
INFO  08:27:39 GetAllStocks() called
INFO  08:27:42 GetAllStocks() called
INFO  08:27:42 GetAllStocks() called
INFO  08:48:20 GetAllStocks() called
INFO  08:49:17 GetAllStocks() called
INFO  08:50:18 GetAllStocks() called
INFO  08:51:27 GetAllStocks() called
INFO  08:51:31 GetAllStocks() called
INFO  08:52:02 GetAllStocks() called
INFO  08:54:13 GetAllStocks() called
INFO  08:54:25 GetAllStocks() called
INFO  09:12:51 GetAllStocks() called
INFO  09:12:55 GetAllStocks() called
INFO  09:19:27 GetAllStocks() called
INFO  09:19:30 GetAllStocks() called
INFO  09:19:31 GetAllStocks() called
INFO  09:19:35 GetAllStocks() called
INFO  09:19:39 GetAllStocks() called
INFO  09:19:52 GetAllStocks() called
INFO  09:23:36 GetAllStocks() called
INFO  09:23:44 GetAllStocks() called
INFO  09:24:00 GetAllStocks() called
INFO  09:24:04 GetAllStocks() called
INFO  09:24:17 GetAllStocks() called
INFO  09:24:26 GetAllStocks() called
INFO  09:38:03 GetAllStocks() called
INFO  09:38:05 GetAllStocks() called
INFO  09:41:37 GetAllStocks() called
INFO  11:18:50 GetAllStocks() called
INFO  01:54:25 Application started. Press Ctrl+C to shut down.
INFO  01:54:25 Hosting environment: Development
INFO  01:54:25 Content root path: C:\Portfolio Management\DailySharePrice - Copy - With Layers
INFO  01:54:30 GetAllStocks() called
INFO  01:54:40 GetAllStocks() called
INFO  01:54:42 GetAllStocks() called
INFO  01:54:57 GetAllStocks() called
INFO  01:54:59 GetAllStocks() called
INFO  01:55:02 GetAllStocks() called
INFO  01:55:23 GetAllStocks() called
INFO  01:55:46 GetAllStocks() called
INFO  01:55:48 GetAllStocks() called
INFO  01:55:50 GetAllStocks() called
INFO  01:56:04 GetAllStocks() called
INFO  01:56:25 GetAllStocks() called
INFO  01:56:29 GetAllStocks() called
INFO  01:56:32 GetAllStocks() called
INFO  01:56:40 GetAllStocks() called
INFO  01:56:47 GetAllStocks() called
INFO  01:56:54 GetAllStocks() called
INFO  01:57:09 GetAllStocks() called
INFO  01:57:54 GetAllStocks() called
INFO  01:58:00 GetAllStocks() called
INFO  01:58:02 GetAllStocks() called
INFO  03:39:44 GetAllStocks() called
INFO  03:44:27 GetAllStocks() called
INFO  03:44:48 GetAllStocks() called
INFO  03:44:53 GetAllStocks() called
INFO  03:45:44 GetAllStocks() called
INFO  03:45:46 GetAllStocks() called
INFO  03:47:10 GetAllStocks() called
INFO  03:48:19 GetAllStocks() called
INFO  03:48:20 GetAllStocks() called
INFO  03:48:23 GetAllStocks() called
INFO  03:48:24 GetAllStocks() called
INFO  03:48:28 GetAllStocks() called
INFO  03:48:52 GetAllStocks() called
INFO  03:49:21 GetAllStocks() called
INFO  03:49:22 GetAllStocks() called
INFO  03:49:24 GetAllStocks() called
INFO  03:49:26 GetAllStocks() called
INFO  03:49:29 GetAllStocks() called
INFO  03:49:31 GetAllStocks() called
INFO  03:54:07 GetAllStocks() called
INFO  03:54:08 GetAllStocks() called
INFO  03:54:10 GetAllStocks() called
INFO  03:54:11 GetAllStocks() called
INFO  03:54:12 GetAllStocks() called
INFO  03:54:13 GetAllStocks() called
INFO  03:54:17 GetAllStocks() called
INFO  03:54:19 GetAllStocks() called
INFO  04:22:47 GetAllStocks() called
INFO  04:48:01 GetAllStocks() called
INFO  07:05:22 Application started. Press Ctrl+C to shut down.
INFO  07:05:22 Hosting environment: Development
INFO  07:05:22 Content root path: C:\Portfolio Management\DailySharePrice - Copy - With Layers
INFO  07:05:30 GetAllStocks() called
INFO  07:07:28 GetAllStocks() called
INFO  08:02:33 GetAllStocks() called
INFO  08:21:05 GetAllStocks() called
INFO  08:28:22 GetAllStocks() called
INFO  08:28:28 GetAllStocks() called
INFO  08:28:38 GetAllStocks() called
INFO  08:28:40 GetAllStocks() called
INFO  08:37:44 GetAllStocks() called
INFO  08:37:52 GetAllStocks() called
INFO  08:37:57 GetAllStocks() called
INFO  08:38:00 GetAllStocks() called
INFO  08:39:26 GetAllStocks() called
INFO  08:39:59 GetAllStocks() called
INFO  08:41:14 GetAllStocks() called
INFO  08:41:56 GetAllStocks() called
INFO  08:43:50 GetAllStocks() called
INFO  08:43:59 GetAllStocks() called
INFO  08:45:05 GetAllStocks() called
INFO  08:46:11 GetAllStocks() called
INFO  08:46:41 GetAllStocks() called
INFO  08:47:53 GetAllStocks() called
INFO  08:48:10 GetAllStocks() called
INFO  08:48:21 GetAllStocks() called
INFO  08:49:06 GetAllStocks() called
INFO  08:49:07 GetAllStocks() called
INFO  08:49:17 GetAllStocks() called
INFO  08:49:18 GetAllStocks() called
INFO  08:49:23 GetAllStocks() called
INFO  08:49:36 GetAllStocks() called
INFO  08:49:54 GetAllStocks() called
INFO  08:55:15 GetAllStocks() called
INFO  01:54:01 GetAllStocks() called
INFO  01:56:42 GetAllStocks() called
INFO  01:56:55 GetAllStocks() called
INFO  01:56:58 GetAllStocks() called
INFO  01:59:01 GetAllStocks() called
INFO  01:59:52 GetAllStocks() called
INFO  02:00:33 GetAllStocks() called
INFO  02:01:32 GetAllStocks() called
INFO  02:27:16 GetAllStocks() called
INFO  02:27:32 GetAllStocks() called
INFO  02:28:05 GetAllStocks() called
INFO  02:28:28 GetAllStocks() called
INFO  02:29:50 GetAllStocks() called
INFO  02:29:52 GetAllStocks() called
INFO  02:29:53 GetAllStocks() called
INFO  02:29:55 GetAllStocks() called
INFO  02:30:17 GetAllStocks() called
INFO  02:30:20 GetAllStocks() called
INFO  02:31:57 GetAllStocks() called
INFO  02:32:02 GetAllStocks() called
INFO  02:33:01 GetAllStocks() called
INFO  02:33:05 GetAllStocks() called
INFO  02:52:46 GetAllStocks() called
INFO  02:53:07 GetAllStocks() called
INFO  03:03:04 GetAllStocks() called
INFO  03:04:59 GetAllStocks() called
INFO  04:05:25 GetAllStocks() called
INFO  04:06:40 GetAllStocks() called
INFO  04:07:01 GetAllStocks() called
INFO  04:08:34 GetAllStocks() called
INFO  04:08:39 GetAllStocks() called
INFO  04:08:52 GetAllStocks() called
INFO  04:28:10 GetAllStocks() called
INFO  04:28:15 GetAllStocks() called
INFO  04:29:12 GetAllStocks() called
INFO  04:54:02 GetAllStocks() called
INFO  04:54:54 GetAllStocks() called
INFO  04:55:00 GetAllStocks() called
INFO  04:55:02 GetAllStocks() called
INFO  04:57:56 GetAllStocks() called
INFO  04:59:58 GetAllStocks() called
INFO  05:00:16 GetAllStocks() called
INFO  05:00:25 GetAllStocks() called
INFO  05:00:41 GetAllStocks() called
INFO  05:00:44 GetAllStocks() called
INFO  05:00:50 GetAllStocks() called
INFO  05:00:56 GetAllStocks() called
INFO  05:01:00 GetAllStocks() called
INFO  05:02:41 GetAllStocks() called
INFO  05:03:17 GetAllStocks() called
INFO  05:03:25 GetAllStocks() called
INFO  05:59:04 GetAllStocks() called
INFO  05:59:56 GetAllStocks() called
INFO  06:16:06 GetAllStocks() called
INFO  06:16:09 GetAllStocks() called
INFO  06:33:42 GetAllStocks() called
INFO  06:33:43 GetAllStocks() called
INFO  07:35:35 GetAllStocks() called
INFO  07:35:46 GetAllStocks() called
INFO  09:05:04 GetAllStocks() called
INFO  09:05:13 GetAllStocks() called
INFO  09:08:26 GetAllStocks() called
INFO  09:11:34 GetAllStocks() called
INFO  09:11:37 GetAllStocks() called
INFO  09:11:39 GetAllStocks() called
INFO  09:11:47 GetAllStocks() called
INFO  09:11:49 GetAllStocks() called
INFO  09:12:09 GetAllStocks() called
INFO  09:12:36 GetAllStocks() called
INFO  09:12:43 GetAllStocks() called
INFO  09:12:50 GetAllStocks() called
INFO  09:12:58 GetAllStocks() called
INFO  09:13:01 GetAllStocks() called
INFO  09:13:02 GetAllStocks() called
INFO  09:13:06 GetAllStocks() called
INFO  09:13:07 GetAllStocks() called
INFO  09:13:15 GetAllStocks() called
INFO  09:13:17 GetAllStocks() called
INFO  09:13:22 GetAllStocks() called
INFO  09:13:24 GetAllStocks() called
INFO  09:13:26 GetAllStocks() called
INFO  09:13:32 GetAllStocks() called
INFO  09:13:36 GetAllStocks() called
INFO  09:13:47 GetAllStocks() called
INFO  09:13:51 GetAllStocks() called
INFO  09:13:59 GetAllStocks() called
INFO  09:13:59 GetAllStocks() called
INFO  09:14:01 GetAllStocks() called
INFO  09:14:14 GetAllStocks() called
INFO  09:14:25 GetAllStocks() called
INFO  09:14:27 GetAllStocks() called
INFO  09:14:39 GetAllStocks() called
INFO  09:14:55 GetAllStocks() called
INFO  09:15:24 GetAllStocks() called
INFO  09:15:27 GetAllStocks() called
INFO  09:15:42 GetAllStocks() called
INFO  09:15:53 GetAllStocks() called
INFO  09:15:54 GetAllStocks() called
INFO  09:15:58 GetAllStocks() called
INFO  09:16:12 GetAllStocks() called
INFO  09:16:15 GetAllStocks() called
INFO  09:16:18 GetAllStocks() called
INFO  09:17:02 GetAllStocks() called
INFO  09:17:04 GetAllStocks() called
INFO  09:18:26 GetAllStocks() called
INFO  09:18:32 GetAllStocks() called
INFO  09:18:37 GetAllStocks() called
INFO  09:18:42 GetAllStocks() called
INFO  09:18:44 GetAllStocks() called
INFO  09:18:46 GetAllStocks() called
INFO  09:19:09 GetAllStocks() called
INFO  09:19:10 GetAllStocks() called
INFO  09:19:11 GetAllStocks() called
INFO  09:19:14 GetAllStocks() called
INFO  09:19:20 GetAllStocks() called
INFO  09:19:22 GetAllStocks() called
INFO  09:19:26 GetAllStocks() called
INFO  09:19:34 GetAllStocks() called
INFO  09:19:38 GetAllStocks() called
INFO  09:19:45 GetAllStocks() called
INFO  09:19:53 GetAllStocks() called
INFO  09:19:56 GetAllStocks() called
INFO  09:20:07 GetAllStocks() called
INFO  09:20:11 GetAllStocks() called
INFO  09:20:17 GetAllStocks() called
INFO  09:20:19 GetAllStocks() called
INFO  09:20:22 GetAllStocks() called
INFO  09:20:33 GetAllStocks() called
INFO  09:20:46 GetAllStocks() called
INFO  09:20:48 GetAllStocks() called
INFO  09:21:01 GetAllStocks() called
INFO  09:21:21 GetAllStocks() called
INFO  09:21:26 GetAllStocks() called
INFO  09:23:15 GetAllStocks() called
INFO  09:24:03 GetAllStocks() called
INFO  09:32:25 GetAllStocks() called
INFO  09:32:27 GetAllStocks() called
INFO  09:32:31 GetAllStocks() called
INFO  09:32:35 GetAllStocks() called
INFO  09:32:51 GetAllStocks() called
INFO  09:33:36 GetAllStocks() called
INFO  09:34:21 GetAllStocks() called
INFO  09:36:02 GetAllStocks() called
INFO  09:37:42 GetAllStocks() called
INFO  09:38:24 GetAllStocks() called
INFO  11:23:18 GetAllStocks() called
INFO  11:23:51 GetAllStocks() called
INFO  11:38:06 GetAllStocks() called
INFO  12:00:29 GetAllStocks() called
INFO  12:09:31 Application started. Press Ctrl+C to shut down.
INFO  12:09:31 Hosting environment: Development
INFO  12:09:32 Content root path: C:\Portfolio Management\DailySharePrice - Copy - With Layers
INFO  12:09:54 GetAllStocks() called
INFO  12:26:30 GetAllStocks() called
INFO  12:26:33 GetAllStocks() called
INFO  12:28:29 GetAllStocks() called
INFO  12:30:23 GetAllStocks() called
INFO  12:30:30 GetAllStocks() called
INFO  12:30:46 GetAllStocks() called
INFO  12:31:30 GetAllStocks() called
INFO  12:31:59 GetAllStocks() called
INFO  12:33:10 GetAllStocks() called
INFO  12:49:15 GetAllStocks() called
INFO  12:49:17 GetAllStocks() called
INFO  12:52:09 GetAllStocks() called
INFO  12:52:28 GetAllStocks() called
INFO  12:52:58 GetAllStocks() called
INFO  01:07:12 Application started. Press Ctrl+C to shut down.
INFO  01:07:12 Hosting environment: Development
INFO  01:07:12 Content root path: C:\Portfolio Management\DailySharePrice - Copy - With Layers
INFO  07:57:36 Application started. Press Ctrl+C to shut down.
INFO  07:57:36 Hosting environment: Development
INFO  07:57:36 Content root path: C:\Portfolio Management\DailySharePrice - Copy - With Layers
INFO  07:58:06 GetAllStocks() called
INFO  07:58:39 GetAllStocks() called
INFO  07:59:14 GetAllStocks() called
INFO  08:28:52 GetAllStocks() called
INFO  08:29:17 GetAllStocks() called
INFO  08:29:56 GetAllStocks() called
INFO  08:30:29 GetAllStocks() called
INFO  08:32:44 GetAllStocks() called
INFO  08:43:16 GetAllStocks() called
INFO  08:56:49 GetAllStocks() called
INFO  09:05:40 GetAllStocks() called
INFO  11:35:21 GetAllStocks() called
INFO  11:35:40 GetAllStocks() called
INFO  11:36:19 GetAllStocks() called
INFO  11:44:09 GetAllStocks() called
INFO  11:44:17 GetAllStocks() called
INFO  11:44:22 GetAllStocks() called
INFO  11:44:35 GetAllStocks() called
INFO  11:44:38 GetAllStocks() called
INFO  11:45:03 GetAllStocks() called
INFO  11:45:05 GetAllStocks() called
INFO  11:54:48 GetAllStocks() called
INFO  11:59:29 GetAllStocks() called
INFO  11:59:32 GetAllStocks() called
INFO  11:59:41 GetAllStocks() called
INFO  12:11:22 GetAllStocks() called
INFO  06:47:55 GetAllStocks() called
INFO  06:47:55 GetAllStocks() called
INFO  06:47:55 GetAllStocks() called
INFO  06:48:07 GetAllStocks() called
INFO  06:50:13 GetAllStocks() called
INFO  06:54:41 GetAllStocks() called
INFO  07:12:47 GetAllStocks() called
INFO  07:16:47 GetAllStocks() called
INFO  08:06:11 GetAllStocks() called
INFO  10:44:13 Fetching Stock details from DB based on users's portfolio Id
INFO  11:06:57 GetAllStocks() called
INFO  12:52:10 GetAllStocks() called
INFO  01:08:05 GetAllStocks() called
INFO  01:10:42 GetAllStocks() called
INFO  01:14:21 GetAllStocks() called
INFO  01:14:52 GetAllStocks() called
INFO  02:13:46 GetAllStocks() called
INFO  02:31:54 GetAllStocks() called
INFO  02:33:47 GetAllStocks() called
INFO  02:36:37 GetAllStocks() called
INFO  03:11:25 GetAllStocks() called
INFO  03:14:27 GetAllStocks() called
INFO  03:14:54 GetAllStocks() called
INFO  03:14:58 GetAllStocks() called
INFO  03:27:24 GetAllStocks() called
INFO  03:27:25 GetAllStocks() called
INFO  03:28:34 GetAllStocks() called
INFO  03:28:39 GetAllStocks() called
INFO  03:28:47 GetAllStocks() called
INFO  03:28:59 GetAllStocks() called
INFO  03:32:25 GetAllStocks() called
INFO  03:32:56 GetAllStocks() called
INFO  03:33:26 GetAllStocks() called
INFO  03:33:38 GetAllStocks() called
INFO  04:23:04 GetAllStocks() called
INFO  06:27:50 GetAllStocks() called
INFO  06:53:45 GetAllStocks() called
INFO  07:01:25 GetAllStocks() called
INFO  07:02:25 GetAllStocks() called
INFO  07:02:39 GetAllStocks() called
INFO  07:02:44 GetAllStocks() called
INFO  07:02:49 GetAllStocks() called
INFO  07:02:51 GetAllStocks() called
INFO  07:02:54 GetAllStocks() called
INFO  07:57:50 GetAllStocks() called
INFO  07:57:53 GetAllStocks() called
INFO  07:58:14 GetAllStocks() called
INFO  08:01:23 GetAllStocks() called
INFO  08:01:33 GetAllStocks() called
INFO  08:02:11 GetAllStocks() called
INFO  08:02:14 GetAllStocks() called
INFO  08:05:29 GetAllStocks() called
INFO  08:05:37 GetAllStocks() called
INFO  08:05:48 GetAllStocks() called
INFO  08:05:51 GetAllStocks() called
INFO  08:06:07 GetAllStocks() called
INFO  08:06:15 GetAllStocks() called
INFO  08:06:23 GetAllStocks() called
INFO  08:10:22 GetAllStocks() called
INFO  08:13:56 GetAllStocks() called
INFO  08:14:04 GetAllStocks() called
INFO  08:14:11 GetAllStocks() called
INFO  02:17:06 GetAllStocks() called
INFO  02:17:11 GetAllStocks() called
INFO  02:17:15 GetAllStocks() called
INFO  02:17:23 GetAllStocks() called
INFO  02:19:52 GetAllStocks() called
INFO  07:43:16 GetAllStocks() called
INFO  07:43:37 GetAllStocks() called
INFO  07:44:06 GetAllStocks() called
INFO  07:53:33 GetAllStocks() called
INFO  07:56:18 GetAllStocks() called
INFO  07:58:41 GetAllStocks() called
INFO  10:31:41 GetAllStocks() called
INFO  10:31:41 GetAllStocks() called
INFO  10:47:12 GetAllStocks() called
INFO  12:34:50 Application started. Press Ctrl+C to shut down.
INFO  12:34:50 Hosting environment: Development
INFO  12:34:50 Content root path: C:\Portfolio Management\DailySharePrice - Copy - With Layers
INFO  12:42:33 GetAllStocks() called
INFO  12:42:49 GetAllStocks() called
INFO  12:43:05 GetAllStocks() called
INFO  12:46:02 GetAllStocks() called
INFO  12:48:37 GetAllStocks() called
INFO  12:50:13 GetAllStocks() called
INFO  12:50:25 GetAllStocks() called
INFO  12:51:52 GetAllStocks() called
INFO  12:52:06 GetAllStocks() called
INFO  12:52:31 GetAllStocks() called
INFO  12:52:46 GetAllStocks() called
INFO  12:53:16 GetAllStocks() called
INFO  12:53:41 GetAllStocks() called
INFO  12:53:46 GetAllStocks() called
INFO  12:53:54 GetAllStocks() called
INFO  12:55:17 GetAllStocks() called
INFO  12:56:00 GetAllStocks() called
INFO  01:18:06 GetAllStocks() called
INFO  01:18:19 GetAllStocks() called
INFO  01:18:21 GetAllStocks() called
INFO  01:18:26 GetAllStocks() called
INFO  01:21:48 GetAllStocks() called
INFO  01:22:22 GetAllStocks() called
INFO  01:24:45 GetAllStocks() called
INFO  01:26:12 GetAllStocks() called
INFO  01:26:56 GetAllStocks() called
INFO  01:27:16 GetAllStocks() called
INFO  01:27:34 GetAllStocks() called
INFO  01:32:08 GetAllStocks() called
INFO  01:33:56 GetAllStocks() called
INFO  01:34:35 GetAllStocks() called
INFO  01:34:55 GetAllStocks() called
INFO  01:35:06 GetAllStocks() called
INFO  01:38:40 GetAllStocks() called
INFO  01:42:07 GetAllStocks() called
INFO  01:42:24 GetAllStocks() called
INFO  01:43:18 GetAllStocks() called
INFO  01:43:20 GetAllStocks() called
INFO  01:43:33 GetAllStocks() called
INFO  01:43:36 GetAllStocks() called
INFO  01:45:37 GetAllStocks() called
INFO  01:45:55 GetAllStocks() called
INFO  01:46:00 GetAllStocks() called
INFO  01:55:25 GetAllStocks() called
INFO  01:55:54 GetAllStocks() called
INFO  01:56:03 GetAllStocks() called
INFO  01:57:37 GetAllStocks() called
INFO  01:57:49 GetAllStocks() called
INFO  01:57:57 GetAllStocks() called
INFO  01:58:05 GetAllStocks() called
INFO  02:08:36 GetAllStocks() called
INFO  02:09:34 GetAllStocks() called
INFO  02:12:20 GetAllStocks() called
INFO  02:12:24 GetAllStocks() called
INFO  02:14:06 GetAllStocks() called
INFO  02:14:33 GetAllStocks() called
INFO  02:17:55 GetAllStocks() called
INFO  02:18:45 GetAllStocks() called
INFO  02:18:46 GetAllStocks() called
INFO  02:18:54 GetAllStocks() called
INFO  02:19:02 GetAllStocks() called
INFO  02:19:11 GetAllStocks() called
INFO  02:19:26 GetAllStocks() called
INFO  02:19:35 GetAllStocks() called
INFO  02:19:36 GetAllStocks() called
INFO  02:19:39 GetAllStocks() called
INFO  02:46:19 GetAllStocks() called
INFO  02:47:48 GetAllStocks() called
INFO  02:51:24 GetAllStocks() called
INFO  02:52:41 GetAllStocks() called
INFO  02:55:08 GetAllStocks() called
INFO  02:58:57 GetAllStocks() called
INFO  02:59:35 GetAllStocks() called
INFO  02:59:43 GetAllStocks() called
INFO  03:01:43 GetAllStocks() called
INFO  03:19:07 GetAllStocks() called
INFO  03:19:46 GetAllStocks() called
INFO  03:20:25 GetAllStocks() called
INFO  03:20:57 GetAllStocks() called
INFO  03:21:53 GetAllStocks() called
INFO  03:24:33 GetAllStocks() called
INFO  03:24:50 GetAllStocks() called
INFO  03:25:07 GetAllStocks() called
INFO  03:25:21 GetAllStocks() called
INFO  04:33:02 GetAllStocks() called
INFO  04:33:23 GetAllStocks() called
INFO  04:33:50 GetAllStocks() called
INFO  06:21:16 GetAllStocks() called
INFO  06:29:45 GetAllStocks() called
INFO  06:30:09 GetAllStocks() called
INFO  05:15:00 GetAllStocks() called
INFO  05:27:16 GetAllStocks() called
INFO  05:38:34 GetAllStocks() called
INFO  05:43:17 GetAllStocks() called
INFO  05:51:34 GetAllStocks() called
INFO  05:51:50 GetAllStocks() called
INFO  05:51:53 GetAllStocks() called
INFO  05:51:55 GetAllStocks() called
INFO  05:51:57 GetAllStocks() called
INFO  05:51:59 GetAllStocks() called
INFO  05:52:01 GetAllStocks() called
INFO  05:52:06 GetAllStocks() called
INFO  05:52:07 GetAllStocks() called
INFO  05:52:12 GetAllStocks() called
INFO  05:52:16 GetAllStocks() called
INFO  05:52:21 GetAllStocks() called
INFO  05:52:23 GetAllStocks() called
INFO  05:52:32 GetAllStocks() called
INFO  05:53:01 GetAllStocks() called
INFO  05:53:30 GetAllStocks() called
INFO  05:53:56 GetAllStocks() called
INFO  05:54:02 GetAllStocks() called
INFO  05:54:08 GetAllStocks() called
INFO  05:54:15 GetAllStocks() called
INFO  05:54:21 GetAllStocks() called
INFO  05:54:23 GetAllStocks() called
INFO  05:54:26 GetAllStocks() called
INFO  05:54:30 GetAllStocks() called
INFO  05:54:33 GetAllStocks() called
INFO  05:54:36 GetAllStocks() called
INFO  05:54:41 GetAllStocks() called
INFO  05:54:43 GetAllStocks() called
INFO  05:54:45 GetAllStocks() called
INFO  05:54:46 GetAllStocks() called
INFO  05:54:48 GetAllStocks() called
INFO  05:54:57 GetAllStocks() called
INFO  05:55:02 GetAllStocks() called
INFO  05:55:05 GetAllStocks() called
INFO  05:55:06 GetAllStocks() called
INFO  05:55:12 GetAllStocks() called
INFO  05:55:16 GetAllStocks() called
INFO  05:55:19 GetAllStocks() called
INFO  05:55:20 GetAllStocks() called
INFO  05:55:24 GetAllStocks() called
INFO  05:55:26 GetAllStocks() called
INFO  05:55:28 GetAllStocks() called
INFO  05:55:33 GetAllStocks() called
INFO  05:55:37 GetAllStocks() called
INFO  05:55:39 GetAllStocks() called
INFO  05:55:46 GetAllStocks() called
INFO  05:55:51 GetAllStocks() called
INFO  05:55:53 GetAllStocks() called
INFO  05:57:21 GetAllStocks() called
INFO  05:57:27 GetAllStocks() called
INFO  05:57:31 GetAllStocks() called
INFO  05:57:36 GetAllStocks() called
INFO  05:57:42 GetAllStocks() called
INFO  05:58:56 GetAllStocks() called
INFO  05:59:56 GetAllStocks() called
INFO  06:00:02 GetAllStocks() called
INFO  06:00:15 GetAllStocks() called
INFO  06:00:16 GetAllStocks() called
INFO  06:00:30 GetAllStocks() called
INFO  06:00:37 GetAllStocks() called
INFO  06:00:45 GetAllStocks() called
INFO  06:00:47 GetAllStocks() called
INFO  06:01:08 GetAllStocks() called
INFO  06:01:14 GetAllStocks() called
INFO  06:01:24 GetAllStocks() called
INFO  06:01:30 GetAllStocks() called
INFO  06:02:32 GetAllStocks() called
INFO  06:02:43 GetAllStocks() called
INFO  06:07:31 GetAllStocks() called
INFO  06:08:07 GetAllStocks() called
INFO  06:21:39 GetAllStocks() called
INFO  06:33:47 GetAllStocks() called
INFO  08:35:27 GetAllStocks() called
INFO  10:08:32 Application started. Press Ctrl+C to shut down.
INFO  10:08:32 Hosting environment: Development
INFO  10:08:32 Content root path: C:\Portfolio Management\DailySharePrice - Copy - With Layers
INFO  10:11:05 GetAllStocks() called
INFO  10:11:37 GetAllStocks() called
INFO  10:11:55 GetAllStocks() called
INFO  10:19:27 GetAllStocks() called
INFO  10:21:13 GetAllStocks() called
INFO  10:21:15 GetAllStocks() called
INFO  10:21:19 GetAllStocks() called
INFO  10:21:22 GetAllStocks() called
INFO  10:21:25 GetAllStocks() called
INFO  10:21:54 GetAllStocks() called
INFO  10:31:03 GetAllStocks() called
INFO  10:31:40 GetAllStocks() called
INFO  10:33:48 GetAllStocks() called
INFO  10:33:53 GetAllStocks() called
INFO  12:34:07 GetAllStocks() called
INFO  12:39:11 GetAllStocks() called
INFO  01:31:35 GetAllStocks() called
INFO  02:08:09 GetAllStocks() called
INFO  02:33:13 GetAllStocks() called
INFO  02:33:17 GetAllStocks() called
INFO  02:44:14 GetAllStocks() called
INFO  02:45:00 GetAllStocks() called
INFO  02:47:57 GetAllStocks() called
INFO  02:48:15 GetAllStocks() called
INFO  02:48:47 GetAllStocks() called
INFO  02:48:47 GetAllStocks() called
INFO  02:53:38 GetAllStocks() called
INFO  02:55:41 GetAllStocks() called
INFO  02:55:48 GetAllStocks() called
INFO  02:58:04 GetAllStocks() called
INFO  02:58:32 GetAllStocks() called
INFO  02:59:00 GetAllStocks() called
INFO  02:59:27 GetAllStocks() called
INFO  03:59:34 GetAllStocks() called
INFO  04:03:02 GetAllStocks() called
INFO  04:05:12 GetAllStocks() called
INFO  04:05:13 GetAllStocks() called
INFO  04:05:22 GetAllStocks() called
INFO  04:22:26 GetAllStocks() called
INFO  04:23:49 GetAllStocks() called
INFO  04:53:51 GetAllStocks() called
INFO  04:53:51 GetAllStocks() called
INFO  05:02:59 GetAllStocks() called
INFO  05:02:59 GetAllStocks() called
INFO  05:05:07 GetAllStocks() called
INFO  05:05:08 GetAllStocks() called
INFO  05:06:22 GetAllStocks() called
INFO  05:06:22 GetAllStocks() called
INFO  05:08:32 GetAllStocks() called
INFO  05:08:32 GetAllStocks() called
INFO  05:08:33 GetAllStocks() called
INFO  05:08:33 GetAllStocks() called
INFO  05:08:34 GetAllStocks() called
INFO  05:08:34 GetAllStocks() called
INFO  05:25:10 GetAllStocks() called
INFO  05:25:10 GetAllStocks() called
INFO  05:32:56 GetAllStocks() called
INFO  05:32:57 GetAllStocks() called
INFO  05:33:38 GetAllStocks() called
INFO  05:33:39 GetAllStocks() called
INFO  05:33:48 GetAllStocks() called
INFO  05:33:48 GetAllStocks() called
INFO  05:33:51 GetAllStocks() called
INFO  05:33:51 GetAllStocks() called
INFO  05:38:24 GetAllStocks() called
INFO  05:38:24 GetAllStocks() called
INFO  05:39:23 GetAllStocks() called
INFO  05:39:23 GetAllStocks() called
INFO  05:45:05 GetAllStocks() called
INFO  05:45:05 GetAllStocks() called
INFO  05:46:00 GetAllStocks() called
INFO  05:46:01 GetAllStocks() called
INFO  05:46:39 GetAllStocks() called
INFO  05:46:39 GetAllStocks() called
INFO  05:54:54 GetAllStocks() called
INFO  05:54:55 GetAllStocks() called
INFO  05:55:01 GetAllStocks() called
INFO  05:55:02 GetAllStocks() called
INFO  06:04:55 GetAllStocks() called
INFO  06:04:55 GetAllStocks() called
INFO  06:15:02 GetAllStocks() called
INFO  06:15:02 GetAllStocks() called
INFO  06:37:30 GetAllStocks() called
INFO  06:44:13 GetAllStocks() called
INFO  06:48:36 GetAllStocks() called
INFO  06:48:50 GetAllStocks() called
INFO  06:48:50 GetAllStocks() called
INFO  06:48:59 GetAllStocks() called
INFO  06:48:59 GetAllStocks() called
INFO  06:51:28 GetAllStocks() called
INFO  06:51:29 GetAllStocks() called
INFO  06:53:45 GetAllStocks() called
INFO  06:53:45 GetAllStocks() called
INFO  07:03:02 GetAllStocks() called
INFO  07:03:02 GetAllStocks() called
INFO  07:03:15 GetAllStocks() called
INFO  07:03:15 GetAllStocks() called
INFO  07:03:24 GetAllStocks() called
INFO  07:03:24 GetAllStocks() called
INFO  07:04:09 GetAllStocks() called
INFO  07:04:10 GetAllStocks() called
INFO  07:05:35 GetAllStocks() called
INFO  07:05:35 GetAllStocks() called
INFO  07:20:59 Application started. Press Ctrl+C to shut down.
INFO  07:20:59 Hosting environment: Development
INFO  07:20:59 Content root path: C:\Portfolio Management\DailySharePrice - Copy - With Layers
INFO  07:22:31 GetAllStocks() called
INFO  07:22:48 GetAllStocks() called
INFO  07:23:13 GetAllStocks() called
INFO  07:23:13 GetAllStocks() called
INFO  07:23:23 GetAllStocks() called
INFO  07:23:23 GetAllStocks() called
INFO  07:24:30 GetAllStocks() called
INFO  07:24:30 GetAllStocks() called
INFO  07:30:37 GetAllStocks() called
INFO  07:30:39 GetAllStocks() called
INFO  07:30:40 GetAllStocks() called
INFO  07:30:41 GetAllStocks() called
INFO  07:30:55 GetAllStocks() called
INFO  07:30:55 GetAllStocks() called
INFO  07:31:25 GetAllStocks() called
INFO  07:31:25 GetAllStocks() called
INFO  07:33:13 GetAllStocks() called
INFO  07:33:13 GetAllStocks() called
INFO  07:33:53 GetAllStocks() called
INFO  07:33:53 GetAllStocks() called
INFO  07:34:06 GetAllStocks() called
INFO  07:34:06 GetAllStocks() called
INFO  07:35:01 GetAllStocks() called
INFO  07:35:01 GetAllStocks() called
INFO  07:35:48 GetAllStocks() called
INFO  07:35:48 GetAllStocks() called
INFO  07:35:57 GetAllStocks() called
INFO  07:35:57 GetAllStocks() called
INFO  07:37:36 GetAllStocks() called
INFO  07:37:37 GetAllStocks() called
INFO  07:38:19 GetAllStocks() called
INFO  07:38:19 GetAllStocks() called
INFO  08:10:58 GetAllStocks() called
INFO  06:33:19 Application started. Press Ctrl+C to shut down.
INFO  06:33:19 Hosting environment: Development
INFO  06:33:19 Content root path: C:\Portfolio Management\DailySharePrice - Copy - With Layers
INFO  06:33:36 GetAllStocks() called
INFO  06:33:40 GetAllStocks() called
INFO  06:33:42 GetAllStocks() called
INFO  06:33:42 GetAllStocks() called
INFO  06:36:53 GetAllStocks() called
INFO  06:36:53 GetAllStocks() called
INFO  06:40:13 GetAllStocks() called
INFO  06:40:14 GetAllStocks() called
INFO  06:41:02 GetAllStocks() called
INFO  06:41:02 GetAllStocks() called
INFO  06:43:55 GetAllStocks() called
INFO  06:43:55 GetAllStocks() called
INFO  06:46:36 GetAllStocks() called
INFO  06:46:36 GetAllStocks() called
INFO  06:46:43 GetAllStocks() called
INFO  06:46:44 GetAllStocks() called
INFO  06:48:49 GetAllStocks() called
INFO  06:48:49 GetAllStocks() called
INFO  06:48:57 GetAllStocks() called
INFO  06:48:57 GetAllStocks() called
INFO  06:50:41 GetAllStocks() called
INFO  06:50:42 GetAllStocks() called
INFO  07:37:52 GetAllStocks() called
INFO  07:37:55 GetAllStocks() called
INFO  07:56:13 GetAllStocks() called
INFO  07:56:15 GetAllStocks() called
INFO  07:56:30 GetAllStocks() called
INFO  07:56:30 GetAllStocks() called
INFO  07:56:57 GetAllStocks() called
INFO  07:56:57 GetAllStocks() called
INFO  07:57:11 GetAllStocks() called
INFO  07:57:11 GetAllStocks() called
INFO  07:57:20 GetAllStocks() called
INFO  07:57:20 GetAllStocks() called
INFO  07:58:14 GetAllStocks() called
INFO  07:58:14 GetAllStocks() called
INFO  07:59:05 GetAllStocks() called
INFO  07:59:05 GetAllStocks() called
INFO  08:19:29 GetAllStocks() called
INFO  08:19:29 GetAllStocks() called
INFO  08:37:26 GetAllStocks() called
INFO  08:37:26 GetAllStocks() called
INFO  08:41:38 GetAllStocks() called
INFO  08:41:38 GetAllStocks() called
INFO  08:43:46 GetAllStocks() called
INFO  08:43:46 GetAllStocks() called
INFO  08:43:56 GetAllStocks() called
INFO  08:43:56 GetAllStocks() called
INFO  08:56:29 GetAllStocks() called
INFO  08:56:29 GetAllStocks() called
INFO  08:56:38 GetAllStocks() called
INFO  08:56:38 GetAllStocks() called
INFO  08:56:45 GetAllStocks() called
INFO  08:56:45 GetAllStocks() called
INFO  08:59:01 GetAllStocks() called
INFO  08:59:01 GetAllStocks() called
INFO  08:59:10 GetAllStocks() called
INFO  08:59:10 GetAllStocks() called
INFO  01:52:37 GetAllStocks() called
INFO  03:44:41 Application started. Press Ctrl+C to shut down.
INFO  03:44:41 Hosting environment: Development
INFO  03:44:41 Content root path: C:\Portfolio Management\DailySharePrice - Copy - With Layers
INFO  03:45:13 GetAllStocks() called
INFO  05:37:30 Application started. Press Ctrl+C to shut down.
INFO  05:37:30 Hosting environment: Development
INFO  05:37:30 Content root path: C:\Portfolio Management\DailySharePrice - Copy - With Layers
INFO  05:37:58 GetAllStocks() called
INFO  05:38:00 GetAllStocks() called
INFO  06:00:04 GetAllStocks() called
INFO  06:14:01 Application started. Press Ctrl+C to shut down.
INFO  06:14:01 Hosting environment: Development
INFO  06:14:01 Content root path: C:\Portfolio Management\DailySharePrice - Copy - With Layers
INFO  06:14:37 GetAllStocks() called
INFO  06:14:44 GetAllStocks() called
INFO  07:03:10 GetAllStocks() called
INFO  07:04:04 GetAllStocks() called
INFO  07:04:26 GetAllStocks() called
INFO  07:04:27 GetAllStocks() called
INFO  07:04:35 GetAllStocks() called
INFO  07:04:35 GetAllStocks() called
INFO  07:06:29 GetAllStocks() called
INFO  07:06:29 GetAllStocks() called
INFO  10:10:13 Application started. Press Ctrl+C to shut down.
INFO  10:10:13 Hosting environment: Development
INFO  10:10:13 Content root path: C:\Portfolio Management\DailySharePrice - Copy - With Layers
INFO  10:12:18 GetAllStocks() called
INFO  10:12:24 GetAllStocks() called
INFO  10:12:26 GetAllStocks() called
INFO  10:15:47 GetAllStocks() called
INFO  10:15:52 GetAllStocks() called
INFO  10:15:55 GetAllStocks() called
INFO  10:17:18 GetAllStocks() called
INFO  10:17:20 GetAllStocks() called
INFO  10:17:52 GetAllStocks() called
INFO  10:18:28 GetAllStocks() called
INFO  10:19:00 GetAllStocks() called
INFO  10:22:18 GetAllStocks() called
INFO  10:22:54 GetAllStocks() called
INFO  10:22:55 GetAllStocks() called
INFO  10:23:10 GetAllStocks() called
INFO  10:23:11 GetAllStocks() called
INFO  10:23:14 GetAllStocks() called
INFO  10:23:14 GetAllStocks() called
INFO  10:23:15 GetAllStocks() called
INFO  10:23:15 GetAllStocks() called
INFO  10:23:15 GetAllStocks() called
INFO  10:23:15 GetAllStocks() called
INFO  10:23:17 GetAllStocks() called
INFO  10:23:55 GetAllStocks() called
INFO  10:23:58 GetAllStocks() called
INFO  10:24:00 GetAllStocks() called
INFO  10:24:55 GetAllStocks() called
INFO  10:24:58 GetAllStocks() called
INFO  10:24:59 GetAllStocks() called
INFO  10:27:08 GetAllStocks() called
INFO  10:27:11 GetAllStocks() called
INFO  10:27:13 GetAllStocks() called
INFO  10:27:19 GetAllStocks() called
INFO  10:27:20 GetAllStocks() called
INFO  10:27:20 GetAllStocks() called
INFO  10:28:08 GetAllStocks() called
INFO  10:28:28 GetAllStocks() called
INFO  10:28:33 GetAllStocks() called
INFO  10:28:54 GetAllStocks() called
INFO  10:29:04 GetAllStocks() called
INFO  10:30:12 GetAllStocks() called
INFO  10:30:21 GetAllStocks() called
INFO  10:30:23 GetAllStocks() called
INFO  10:30:29 GetAllStocks() called
INFO  10:30:31 GetAllStocks() called
INFO  10:30:33 GetAllStocks() called
INFO  10:30:39 GetAllStocks() called
INFO  10:30:53 GetAllStocks() called
INFO  10:30:53 GetAllStocks() called
INFO  10:30:53 GetAllStocks() called
INFO  10:31:08 GetAllStocks() called
INFO  10:31:09 GetAllStocks() called
INFO  10:31:09 GetAllStocks() called
INFO  10:32:20 GetAllStocks() called
INFO  10:32:20 GetAllStocks() called
INFO  10:32:20 GetAllStocks() called
INFO  10:33:04 GetAllStocks() called
INFO  10:33:11 GetAllStocks() called
INFO  10:33:46 GetAllStocks() called
INFO  10:33:56 GetAllStocks() called
INFO  10:33:58 GetAllStocks() called
INFO  10:33:58 GetAllStocks() called
INFO  10:33:59 GetAllStocks() called
INFO  10:33:59 GetAllStocks() called
INFO  10:34:00 GetAllStocks() called
INFO  10:34:00 GetAllStocks() called
INFO  10:34:01 GetAllStocks() called
INFO  10:34:02 GetAllStocks() called
INFO  10:34:02 GetAllStocks() called
INFO  10:34:04 GetAllStocks() called
INFO  10:34:04 GetAllStocks() called
INFO  10:34:04 GetAllStocks() called
INFO  10:34:04 GetAllStocks() called
INFO  10:34:05 GetAllStocks() called
INFO  10:34:05 GetAllStocks() called
INFO  10:34:06 GetAllStocks() called
INFO  10:34:18 GetAllStocks() called
INFO  10:34:19 GetAllStocks() called
INFO  10:34:19 GetAllStocks() called
INFO  10:34:19 GetAllStocks() called
INFO  10:36:15 GetAllStocks() called
INFO  10:36:25 GetAllStocks() called
INFO  10:36:25 GetAllStocks() called
INFO  10:37:10 GetAllStocks() called
INFO  10:37:10 GetAllStocks() called
INFO  10:39:29 GetAllStocks() called
INFO  10:39:29 GetAllStocks() called
INFO  10:39:47 GetAllStocks() called
INFO  10:39:47 GetAllStocks() called
INFO  10:40:41 GetAllStocks() called
INFO  10:40:41 GetAllStocks() called
INFO  10:41:43 GetAllStocks() called
INFO  10:41:43 GetAllStocks() called
INFO  10:41:59 GetAllStocks() called
INFO  10:41:59 GetAllStocks() called
INFO  10:41:59 GetAllStocks() called
INFO  10:42:04 GetAllStocks() called
INFO  10:42:06 GetAllStocks() called
INFO  10:46:11 GetAllStocks() called
INFO  11:05:36 Application started. Press Ctrl+C to shut down.
INFO  11:05:36 Hosting environment: Development
INFO  11:05:36 Content root path: C:\Portfolio Management\DailySharePrice - Copy - With Layers
INFO  11:13:16 GetAllStocks() called
INFO  11:24:16 GetAllStocks() called
INFO  11:24:16 GetAllStocks() called
INFO  11:24:21 GetAllStocks() called
INFO  11:24:21 GetAllStocks() called
INFO  12:13:54 GetAllStocks() called
INFO  12:14:27 GetAllStocks() called
INFO  12:14:27 GetAllStocks() called
INFO  12:14:28 GetAllStocks() called
INFO  12:16:03 GetAllStocks() called
INFO  12:16:03 GetAllStocks() called
INFO  12:19:55 GetAllStocks() called
INFO  12:19:55 GetAllStocks() called
INFO  12:22:01 GetAllStocks() called
INFO  12:22:05 GetAllStocks() called
INFO  12:22:56 GetAllStocks() called
INFO  12:22:56 GetAllStocks() called
INFO  12:23:14 GetAllStocks() called
INFO  12:23:14 GetAllStocks() called
INFO  12:24:42 GetAllStocks() called
INFO  12:24:42 GetAllStocks() called
INFO  12:25:28 GetAllStocks() called
INFO  12:26:27 GetAllStocks() called
INFO  12:27:42 GetAllStocks() called
INFO  12:27:51 GetAllStocks() called
INFO  12:28:01 GetAllStocks() called
INFO  12:32:49 GetAllStocks() called
INFO  12:32:55 GetAllStocks() called
INFO  12:32:58 GetAllStocks() called
INFO  12:33:00 GetAllStocks() called
INFO  12:39:15 GetAllStocks() called
INFO  12:39:17 GetAllStocks() called
INFO  12:43:54 GetAllStocks() called
INFO  12:44:37 GetAllStocks() called
INFO  12:53:55 GetAllStocks() called
INFO  12:53:57 GetAllStocks() called
INFO  01:02:41 GetAllStocks() called
INFO  01:02:53 GetAllStocks() called
INFO  01:04:57 GetAllStocks() called
INFO  01:05:15 GetAllStocks() called
INFO  01:05:24 GetAllStocks() called
INFO  01:07:25 GetAllStocks() called
INFO  01:07:25 GetAllStocks() called
INFO  01:12:03 GetAllStocks() called
INFO  01:12:17 GetAllStocks() called
INFO  01:12:18 GetAllStocks() called
INFO  01:13:05 GetAllStocks() called
INFO  01:24:03 GetAllStocks() called
INFO  01:24:07 GetAllStocks() called
INFO  01:24:08 GetAllStocks() called
INFO  01:24:09 GetAllStocks() called
INFO  01:24:09 GetAllStocks() called
INFO  01:24:09 GetAllStocks() called
INFO  01:30:15 GetAllStocks() called
INFO  01:30:15 GetAllStocks() called
INFO  01:30:15 GetAllStocks() called
INFO  01:30:32 GetAllStocks() called
INFO  01:30:32 GetAllStocks() called
INFO  01:30:33 GetAllStocks() called
INFO  01:39:39 GetAllStocks() called
INFO  01:39:43 GetAllStocks() called
INFO  01:39:43 GetAllStocks() called
INFO  01:40:10 GetAllStocks() called
INFO  01:40:10 GetAllStocks() called
INFO  01:45:13 GetAllStocks() called
INFO  01:45:14 GetAllStocks() called
INFO  01:46:25 GetAllStocks() called
INFO  01:46:26 GetAllStocks() called
INFO  01:46:57 GetAllStocks() called
INFO  01:46:58 GetAllStocks() called
INFO  01:49:00 GetAllStocks() called
INFO  01:49:00 GetAllStocks() called
INFO  01:49:00 GetAllStocks() called
INFO  01:49:20 GetAllStocks() called
INFO  01:49:31 GetAllStocks() called
INFO  01:49:31 GetAllStocks() called
INFO  01:59:55 GetAllStocks() called
INFO  02:00:00 GetAllStocks() called
INFO  02:35:22 GetAllStocks() called
INFO  02:35:26 GetAllStocks() called
INFO  02:36:23 GetAllStocks() called
INFO  02:36:23 GetAllStocks() called
INFO  02:40:09 GetAllStocks() called
INFO  02:40:13 GetAllStocks() called
INFO  02:40:55 GetAllStocks() called
INFO  02:40:55 GetAllStocks() called
INFO  02:44:31 GetAllStocks() called
INFO  02:44:31 GetAllStocks() called
INFO  06:30:48 Application started. Press Ctrl+C to shut down.
INFO  06:30:48 Hosting environment: Development
INFO  06:30:48 Content root path: C:\Portfolio Management\DailySharePrice - Copy - With Layers
INFO  06:33:03 GetAllStocks() called
INFO  06:33:29 GetAllStocks() called
INFO  06:33:29 GetAllStocks() called
INFO  06:33:57 GetAllStocks() called
INFO  06:33:57 GetAllStocks() called
INFO  06:34:20 GetAllStocks() called
INFO  06:34:20 GetAllStocks() called
INFO  06:34:44 GetAllStocks() called
INFO  06:34:45 GetAllStocks() called
INFO  06:34:48 GetAllStocks() called
INFO  06:34:52 GetAllStocks() called
INFO  06:34:55 GetAllStocks() called
INFO  06:34:57 GetAllStocks() called
INFO  06:35:02 GetAllStocks() called
INFO  06:35:04 GetAllStocks() called
INFO  06:37:42 GetAllStocks() called
INFO  06:37:45 GetAllStocks() called
INFO  06:39:18 GetAllStocks() called
INFO  06:46:44 GetAllStocks() called
INFO  06:46:45 GetAllStocks() called
INFO  06:46:54 GetAllStocks() called
INFO  06:46:55 GetAllStocks() called
INFO  06:47:14 GetAllStocks() called
INFO  06:47:14 GetAllStocks() called
INFO  06:47:20 GetAllStocks() called
INFO  06:47:20 GetAllStocks() called
INFO  06:53:40 GetAllStocks() called
INFO  06:53:40 GetAllStocks() called
INFO  06:53:53 GetAllStocks() called
INFO  06:53:53 GetAllStocks() called
INFO  06:55:00 GetAllStocks() called
INFO  06:55:00 GetAllStocks() called
INFO  06:55:06 GetAllStocks() called
INFO  06:55:06 GetAllStocks() called
INFO  06:55:18 GetAllStocks() called
INFO  07:01:20 GetAllStocks() called
INFO  07:02:07 GetAllStocks() called
INFO  07:02:16 GetAllStocks() called
INFO  07:02:16 GetAllStocks() called
INFO  07:02:23 GetAllStocks() called
INFO  07:02:23 GetAllStocks() called
INFO  07:02:41 GetAllStocks() called
INFO  07:02:41 GetAllStocks() called
INFO  07:02:52 GetAllStocks() called
INFO  07:02:53 GetAllStocks() called
INFO  07:03:01 GetAllStocks() called
INFO  07:24:51 GetAllStocks() called
INFO  07:25:54 Fetching Stock details from DB based on users's portfolio Id
INFO  07:28:33 GetAllStocks() called
INFO  07:28:33 GetAllStocks() called
INFO  07:37:26 GetAllStocks() called
INFO  08:01:47 Fetching Stock details from DB based on users's portfolio Id
INFO  08:19:49 Fetching Stock details from DB based on users's portfolio Id
INFO  09:01:03 Application started. Press Ctrl+C to shut down.
INFO  09:01:03 Hosting environment: Development
INFO  09:01:03 Content root path: C:\Portfolio Management\DailySharePrice - Copy - With Layers
INFO  09:10:23 GetAllStocks() called
INFO  09:10:25 GetAllStocks() called
INFO  09:10:59 GetAllStocks() called
INFO  09:11:23 GetAllStocks() called
INFO  09:20:03 GetAllStocks() called
INFO  09:30:01 GetAllStocks() called
INFO  09:30:01 GetAllStocks() called
INFO  09:31:40 GetAllStocks() called
INFO  09:31:41 GetAllStocks() called
INFO  09:37:33 GetAllStocks() called
INFO  09:37:33 GetAllStocks() called
INFO  09:37:43 GetAllStocks() called
INFO  09:37:43 GetAllStocks() called
INFO  09:37:45 GetAllStocks() called
INFO  09:37:45 GetAllStocks() called
INFO  09:45:45 GetAllStocks() called
INFO  09:45:46 GetAllStocks() called
INFO  09:45:55 GetAllStocks() called
INFO  09:45:55 GetAllStocks() called
INFO  09:48:52 GetAllStocks() called
INFO  09:48:53 GetAllStocks() called
INFO  09:49:00 GetAllStocks() called
INFO  09:49:00 GetAllStocks() called
INFO  09:49:51 GetAllStocks() called
INFO  09:49:53 GetAllStocks() called
INFO  10:08:27 GetAllStocks() called
INFO  10:17:39 GetAllStocks() called
INFO  10:17:49 GetAllStocks() called
INFO  10:19:03 GetAllStocks() called
INFO  10:19:41 GetAllStocks() called
INFO  10:46:13 GetAllStocks() called
INFO  10:46:29 GetAllStocks() called
INFO  10:47:20 GetAllStocks() called
INFO  10:54:29 GetAllStocks() called
INFO  10:54:29 GetAllStocks() called
INFO  11:13:46 GetAllStocks() called
INFO  11:49:53 Application started. Press Ctrl+C to shut down.
INFO  11:49:53 Hosting environment: Development
INFO  11:49:53 Content root path: C:\Portfolio Management\DailySharePrice - Copy - With Layers
INFO  11:51:40 GetAllStocks() called
INFO  11:52:27 GetAllStocks() called
